0.0000 542
5.7062 537
9.8572 536
16.0973 535
21.1625 534
25.3942 533
29.6481 532
33.7946 531
38.0292 530
42.2583 529
46.5149 528
50.7367 527
54.9695 526
59.5435 525
64.6682 524
69.1298 523
73.5618 522
77.9995 521
82.5023 520
86.9874 519
91.5396 518
96.1309 517
100.7538 516
105.3474 515
109.9600 514
114.5283 513
119.1650 512
123.8374 511
128.4943 510
133.1518 509
137.8282 508
142.4756 507
147.0374 506
151.6307 505
156.3452 504
160.9711 503
165.6417 502
170.2278 501
174.9152 500
179.6360 499
184.4493 498
189.0925 497
193.5483 496
197.6708 495
201.7605 494
205.9817 493
210.0954 492
214.2080 491
218.3347 490
222.4441 489
226.5586 488
230.8198 487
235.0733 486
239.2257 485
243.3970 484
247.6604 483
251.9562 482
256.1984 481
260.5543 480
264.7808 479
269.0532 478
273.2682 477
277.5026 476
281.7464 475
285.9955 474
290.2671 473
294.5259 472
299.6751 471
304.4296 470
308.6738 469
312.9121 468
317.1370 467
321.5511 466
325.7815 465
330.0551 464
334.3436 463
339.1145 462
344.2136 461
348.6588 460
353.1046 459
357.4517 458
361.7859 457
366.0973 456
370.6148 455
374.9208 454
379.3779 453
383.6862 452
388.0090 451
392.3815 450
396.7489 449
401.1365 448
405.4950 447
409.8121 446
414.1716 445
418.5965 444
423.0384 443
427.4685 442
431.8422 441
436.2024 440
440.5775 439
445.0336 438
449.4017 437
453.7819 436
458.1441 435
462.5487 434
467.1256 433
471.7352 432
476.2947 431
480.8049 430
485.3215 429
489.8254 428
494.2524 427
498.7074 426
503.2084 425
507.7039 424
512.1486 423
516.6610 422
521.2102 421
525.6511 420
530.0910 419
534.6396 418
539.3952 417
544.5524 416
549.5939 415
554.3320 414
559.2290 413
564.0628 412
568.9111 411
573.9547 410
579.5230 409
585.0837 408
589.9096 407
594.7153 406
599.5723 405
604.4756 404
