0.0000 209
4.5871 203
6.6623 202
8.6864 201
10.6258 200
12.5666 199
14.5234 198
16.5964 197
19.4417 196
22.7541 195
25.1779 194
27.3747 193
29.4437 192
31.4528 191
33.5088 190
35.5444 189
37.5495 188
39.5929 187
41.6061 186
43.6907 185
45.7664 184
47.8487 183
50.0303 182
52.1308 181
54.2477 180
56.3529 179
58.4687 178
60.6096 177
62.7409 176
65.1920 175
67.9169 174
70.2723 173
72.4927 172
74.7047 171
76.9689 170
79.2296 169
81.4490 168
83.6673 167
85.9560 166
88.3024 165
90.6339 164
92.9082 163
95.2318 162
97.5588 161
99.9127 160
102.3145 159
104.6818 158
107.0829 157
109.5210 156
111.9501 155
114.2944 154
116.6862 153
119.0889 152
121.5056 151
123.9537 150
126.3820 149
128.7914 148
131.2078 147
133.6592 146
