0.0000 544
5.8408 525
10.5839 524
15.2104 523
19.7440 522
24.4170 521
29.0362 520
33.6903 519
38.4313 518
43.1506 517
47.7732 516
52.6887 515
57.5431 514
62.5175 513
67.3161 512
72.0310 511
76.8699 510
81.5495 509
86.4074 508
91.1761 507
95.9632 506
100.7796 505
105.6989 504
110.6101 503
115.3620 502
120.1720 501
124.9424 500
129.6551 499
134.4802 498
139.2994 497
144.0772 496
148.9286 495
153.8405 494
158.6654 493
163.4881 492
168.3218 491
173.0982 490
178.0181 489
182.8671 488
187.6823 487
192.9261 486
198.1330 485
203.3940 484
208.5485 483
213.8090 482
219.0705 481
224.3056 480
229.6221 479
234.9686 478
240.0731 477
245.1718 476
250.2520 475
255.3756 474
260.4179 473
265.5582 472
270.6319 471
275.7277 470
280.8895 469
286.0050 468
291.1742 467
298.3566 466
304.4428 465
309.9548 464
315.4136 463
320.9362 462
326.5822 461
332.2737 460
338.1809 459
343.9294 458
349.6436 457
355.4180 456
361.2989 455
367.0408 454
372.8711 453
378.7891 452
384.6630 451
390.5459 450
396.4600 449
402.3457 448
408.2762 447
414.2543 446
420.1470 445
425.7960 444
431.6570 443
437.8102 442
443.9577 441
449.9978 440
456.0547 439
461.9681 438
467.8269 437
473.9730 436
480.0520 435
486.2235 434
492.3864 433
498.3931 432
504.5545 431
510.6568 430
516.6377 429
522.5892 428
528.6352 427
534.8687 426
540.9718 425
547.2821 424
553.4763 423
559.6225 422
566.0144 421
571.9228 420
577.8285 419
583.9609 418
590.2409 417
596.4898 416
602.6584 415
