0.0000 208
4.3046 205
6.2341 204
8.3575 203
10.6875 202
12.7244 201
14.7260 200
16.7400 199
18.9013 198
20.9629 197
23.1010 196
25.2980 195
27.4128 194
29.7105 193
32.1528 192
34.4574 191
36.8828 190
39.4684 189
42.1417 188
44.6406 187
47.2868 186
49.9891 185
52.5322 184
55.1260 183
57.8220 182
60.5029 181
63.2179 180
66.0649 179
68.6354 178
71.4681 177
74.2823 176
77.1348 175
79.9792 174
82.6887 173
85.4785 172
88.2877 171
91.0504 170
94.0270 169
97.0036 168
99.9301 167
103.0010 166
105.9857 165
108.9983 164
112.1779 163
115.1914 162
118.4740 161
121.5167 160
124.5519 159
127.6904 158
130.6768 157
133.6229 156
136.5140 155
278.8137 154
531.9834 153
534.2720 152
536.6130 151
