0.0000 271
1.2362 268
1.9135 267
2.6009 266
3.2882 265
4.0031 264
4.7261 263
5.4360 262
6.1256 261
6.7925 260
7.4551 259
8.1329 258
8.8147 257
9.5044 256
10.2230 255
10.9124 254
11.6148 253
12.3107 252
13.0234 251
13.7407 250
14.4975 249
15.2404 248
16.0870 247
16.8154 246
17.5537 245
18.3251 244
19.1704 243
19.9676 242
20.7419 241
21.5503 240
22.3061 239
23.4582 238
24.4206 237
25.3936 236
26.4380 235
27.3502 234
28.1500 233
28.9081 232
29.6632 231
30.4214 230
31.1776 229
31.9364 228
32.7149 227
33.4826 226
34.2845 225
35.0469 224
35.8268 223
36.5894 222
37.3506 221
38.1285 220
38.9128 219
39.6785 218
40.4788 217
41.2659 216
42.0530 215
42.8359 214
43.6157 213
44.3855 212
45.1719 211
45.9899 210
46.7767 209
47.5798 208
48.3695 207
49.1516 206
49.9539 205
50.7998 204
51.6306 203
52.4252 202
53.2518 201
54.0526 200
54.8429 199
109.6772 198
110.3983 197
111.1159 196
111.8470 195
112.6993 194
113.4431 193
