0.0000 314
3.8463 303
6.2221 302
8.5326 301
10.9517 300
13.2625 299
15.6131 298
18.0032 297
21.2315 296
23.7214 295
26.1769 294
28.5544 293
30.9693 292
33.3431 291
35.7465 290
38.1727 289
40.6140 288
43.0786 287
45.6370 286
48.1117 285
50.5807 284
53.0510 283
55.5369 282
57.9958 281
60.5188 280
63.4760 279
66.4876 278
69.0095 277
71.5117 276
74.0235 275
76.5146 274
79.0153 273
81.5338 272
84.0753 271
86.7313 270
89.2980 269
91.8226 268
94.4000 267
96.9407 266
99.5057 265
102.0655 264
104.6959 263
107.2607 262
109.8123 261
112.3725 260
114.9316 259
117.6166 258
120.2627 257
122.8733 256
125.4707 255
128.0556 254
130.6524 253
133.2798 252
135.8887 251
138.4745 250
141.0490 249
143.6899 248
146.4162 247
149.0257 246
151.6367 245
154.3654 244
156.9661 243
159.5612 242
162.2989 241
165.1478 240
167.7698 239
170.4002 238
173.0302 237
175.6398 236
178.2598 235
180.9019 234
346.2108 233
348.4896 232
350.7857 231
353.0533 230
355.3235 229
357.5757 228
359.8465 227
362.1725 226
