0.0000 319
3.3891 318
5.0223 317
6.5832 316
8.1383 315
9.7058 314
11.2784 313
12.9085 312
14.4948 311
16.1121 310
17.6987 309
19.3032 308
20.9322 307
22.5885 306
24.3426 305
26.0890 304
27.9355 303
29.6829 302
31.4274 301
33.2010 300
34.9904 299
36.8295 298
38.6694 297
40.5312 296
42.3982 295
44.2860 294
46.2410 293
48.2245 292
50.1858 291
52.1527 290
54.1206 289
56.1056 288
58.1278 287
60.1548 286
62.2447 285
64.2951 284
66.4456 283
68.5280 282
70.6395 281
72.7566 280
74.8808 279
77.0404 278
79.1842 277
81.3324 276
83.5462 275
85.7364 274
88.6836 273
91.3535 272
93.5866 271
95.8371 270
98.1546 269
100.4219 268
102.6828 267
104.9445 266
107.2089 265
109.4727 264
111.7469 263
114.1952 262
116.5260 261
118.8463 260
121.1694 259
123.4995 258
125.8850 257
128.2266 256
130.5721 255
132.9294 254
135.3391 253
137.7555 252
140.1310 251
142.6131 250
145.0358 249
147.6011 248
149.9906 247
152.3887 246
154.7742 245
157.1600 244
159.5444 243
161.9225 242
164.3532 241
166.7411 240
169.1269 239
171.5093 238
174.0552 237
176.4576 236
178.8730 235
181.3159 234
183.7270 233
186.1341 232
188.6094 231
191.1938 230
195.1547 229
