0.0000 313
24.3866 312
26.9586 311
29.4603 310
32.0134 309
34.6107 308
37.1944 307
39.8674 306
42.4803 305
45.0869 304
47.7779 303
50.5301 302
53.2255 301
55.9333 300
58.6578 299
61.4202 298
64.1774 297
66.9018 296
69.7004 295
72.4682 294
75.2439 293
78.0876 292
80.8651 291
83.5948 290
86.3079 289
89.0056 288
91.7459 287
94.5085 286
97.2870 285
100.1101 284
102.8777 283
105.6696 282
108.4617 281
111.2706 280
114.0618 279
116.8355 278
119.6500 277
122.5354 276
125.3789 275
128.3028 274
131.0986 273
133.8682 272
136.5702 271
139.1138 270
141.6071 269
144.0846 268
146.6890 267
149.2561 266
151.7898 265
154.3195 264
156.8884 263
159.4350 262
162.0171 261
164.6021 260
167.1569 259
169.7475 258
172.4534 257
175.1842 256
177.8636 255
180.4867 254
183.1085 253
185.7782 252
188.3877 251
191.1068 250
193.8413 249
196.5256 248
199.2077 247
201.9722 246
204.6638 245
207.3404 244
210.0141 243
212.7152 242
215.3566 241
218.0375 240
220.6833 239
223.3725 238
226.0305 237
228.7124 236
231.3761 235
234.0765 234
236.7420 233
239.4120 232
450.1233 231
452.6993 230
455.2578 229
457.8261 228
460.4570 227
