0.0000 537
4.8593 536
8.5170 535
12.6011 534
17.0059 533
20.6914 532
24.3776 531
28.0182 530
31.6570 529
35.3393 528
38.9744 527
42.7418 526
46.3934 525
50.0526 524
53.7231 523
57.4092 522
61.1122 521
64.8315 520
68.5591 519
72.2985 518
75.9776 517
79.8060 516
84.5498 515
88.3011 514
92.0204 513
95.7641 512
99.5384 511
103.3133 510
107.1097 509
110.9301 508
115.2889 507
119.8349 506
123.6713 505
127.4980 504
131.4409 503
135.3363 502
139.1752 501
143.0776 500
147.0927 499
150.9814 498
154.8611 497
158.7403 496
162.6486 495
166.5791 494
170.5717 493
174.5324 492
178.5207 491
182.5285 490
187.3499 489
192.0575 488
196.2275 487
200.3625 486
204.5321 485
208.6392 484
212.7807 483
216.9244 482
221.0684 481
225.2196 480
229.3261 479
233.4526 478
237.5531 477
241.7572 476
245.9101 475
250.0388 474
254.1642 473
258.2857 472
262.5148 471
266.7502 470
270.9761 469
275.1434 468
279.3078 467
283.4442 466
287.6306 465
291.7931 464
296.5723 463
301.5036 462
305.6807 461
309.8554 460
314.0248 459
318.2333 458
322.4149 457
326.7719 456
330.9899 455
335.1838 454
339.3733 453
343.5736 452
347.8272 451
352.0467 450
356.2786 449
360.5178 448
364.7444 447
368.9895 446
373.2171 445
378.6535 444
383.0249 443
387.3802 442
391.5988 441
395.8974 440
400.1246 439
404.4330 438
408.6880 437
412.9403 436
417.2157 435
421.5153 434
425.7785 433
430.0484 432
434.2841 431
438.6892 430
443.1625 429
447.6375 428
451.9850 427
456.3148 426
460.6191 425
464.9713 424
469.2850 423
473.6181 422
477.9173 421
482.2556 420
486.5795 419
491.5359 418
496.5232 417
500.8590 416
505.3821 415
509.7225 414
514.0475 413
518.3180 412
522.6161 411
526.9546 410
531.2675 409
535.6001 408
539.9441 407
544.3240 406
548.6432 405
552.9701 404
558.4318 403
562.8130 402
567.2406 401
571.6480 400
576.0039 399
580.3858 398
584.7419 397
589.0835 396
593.4720 395
597.9478 394
602.5233 393
