0.0000 324
3.7494 318
5.8821 317
8.0657 316
10.3810 315
12.6483 314
14.8586 313
17.0801 312
19.3555 311
21.6717 310
24.0088 309
26.2903 308
28.6252 307
31.0427 306
33.3012 305
35.5485 304
37.8699 303
40.1877 302
42.4581 301
44.7308 300
46.9853 299
49.2799 298
51.5454 297
53.8181 296
56.1090 295
58.3893 294
60.6941 293
63.0716 292
65.5076 291
67.9700 290
70.3010 289
72.6263 288
74.9644 287
77.2993 286
79.7020 285
82.0895 284
84.4556 283
86.8525 282
89.2537 281
91.6435 280
94.0425 279
96.4634 278
98.9465 277
101.3632 276
103.8023 275
106.2470 274
108.7132 273
111.2087 272
113.7406 271
116.2300 270
118.8327 269
121.3513 268
123.9789 267
126.5359 266
129.0931 265
131.6278 264
134.1614 263
136.6950 262
139.2399 261
141.8207 260
144.4383 259
147.0415 258
149.6382 257
152.2622 256
154.9074 255
157.5695 254
160.2157 253
162.8849 252
165.5254 251
168.1602 250
170.8154 249
173.5478 248
176.2270 247
178.8655 246
181.6355 245
184.4494 244
187.1563 243
189.8607 242
192.5078 241
195.2283 240
197.9256 239
200.5781 238
203.2424 237
205.9242 236
208.5799 235
211.2721 234
436.0640 233
