0.0000 286
1.2077 266
1.8823 265
2.5379 264
3.2106 263
3.8729 262
4.5419 261
5.2143 260
5.9150 259
6.6013 258
7.3166 257
8.0583 256
8.7606 255
9.4867 254
10.2204 253
10.9424 252
11.6655 251
12.3927 250
13.1550 249
13.8928 248
14.6300 247
15.3722 246
16.1401 245
16.8859 244
17.6409 243
18.3912 242
19.1374 241
19.9225 240
20.7062 239
21.4756 238
22.2382 237
23.0218 236
23.7897 235
24.5826 234
25.3628 233
26.1482 232
26.9333 231
27.7396 230
28.5961 229
29.4066 228
30.2194 227
31.0133 226
31.8049 225
32.6325 224
33.4687 223
34.2744 222
35.0716 221
35.8827 220
36.6974 219
37.5173 218
38.3669 217
39.1746 216
39.9887 215
40.8475 214
41.6757 213
42.4945 212
43.3011 211
44.1131 210
44.9500 209
45.7682 208
46.5910 207
47.4413 206
48.2622 205
49.0975 204
49.9041 203
50.7260 202
51.5329 201
52.3217 200
223.5269 199
224.3309 198
225.1263 197
225.9458 196
226.7453 195
227.5414 194
