0.0000 266
1.2733 264
2.0804 263
2.8556 262
3.6211 261
4.3941 260
5.1634 259
5.9024 258
6.6683 257
7.4437 256
8.2019 255
8.9633 254
9.7245 253
10.5181 252
11.2703 251
12.0457 250
12.8216 249
13.5999 248
14.3801 247
15.1846 246
15.9710 245
16.7642 244
17.5462 243
18.3657 242
19.2042 241
20.0191 240
20.8415 239
21.6467 238
22.4356 237
23.2463 236
24.0632 235
24.8741 234
25.7128 233
26.5323 232
27.3471 231
28.1580 230
28.9726 229
29.8023 228
30.6461 227
31.7578 226
32.8639 225
33.9746 224
35.0829 223
35.9721 222
36.8746 221
37.7366 220
38.6128 219
39.4707 218
40.3311 217
41.2105 216
42.0951 215
42.9898 214
43.8301 213
44.6856 212
45.5230 211
46.5255 210
47.4162 209
48.3269 208
49.2147 207
50.0709 206
50.9329 205
51.7914 204
52.6412 203
53.4699 202
54.3161 201
55.1686 200
56.0780 199
57.0998 198
58.3071 197
184.8753 196
246.5791 195
300.3682 194
