0.0000 210
4.1277 200
6.0765 199
7.8925 198
9.7178 197
11.5548 196
13.3749 195
15.2127 194
17.9069 193
20.1533 192
22.0560 191
23.9691 190
25.8954 189
27.8549 188
29.7661 187
31.6950 186
33.6453 185
35.5977 184
37.5854 183
39.5360 182
41.4759 181
43.4179 180
45.4173 179
47.4097 178
49.3510 177
51.3141 176
53.2693 175
55.2194 174
57.1707 173
59.1291 172
61.0809 171
63.0269 170
64.9867 169
66.9593 168
68.9642 167
70.9470 166
72.9569 165
74.9697 164
76.9628 163
78.9661 162
80.9697 161
82.9705 160
85.5863 159
88.1324 158
90.1740 157
92.1946 156
94.2053 155
96.2211 154
98.2449 153
100.2632 152
102.2818 151
313.8018 150
315.7950 149
