0.0000 202
14.9894 201
16.8372 200
18.7033 199
21.1500 198
23.4374 197
25.3486 196
27.2879 195
29.1904 194
31.1276 193
33.0458 192
34.9760 191
36.9213 190
38.8938 189
40.8662 188
42.8485 187
44.8506 186
46.8765 185
48.8630 184
50.9020 183
52.8972 182
54.8993 181
56.9044 180
58.9047 179
60.9632 178
62.9584 177
65.7290 176
68.1162 175
70.2176 174
72.3180 173
74.4317 172
76.5470 171
78.6362 170
80.7447 169
82.8311 168
84.9541 167
87.1832 166
89.3405 165
91.4606 164
93.6239 163
95.7284 162
97.8392 161
99.9382 160
102.0517 159
104.1624 158
106.3293 157
108.4406 156
207.0691 155
209.1246 154
211.1620 153
213.1995 152
394.3472 151
