0.0000 523
70.1865 522
74.3829 521
78.5828 520
82.8713 519
87.0193 518
91.1301 517
95.3290 516
99.4770 515
103.6363 514
107.7637 513
111.8971 512
116.1066 511
120.3575 510
124.5933 509
128.7355 508
132.9169 507
137.0948 506
141.2462 505
145.4416 504
149.5997 503
153.8616 502
158.0449 501
162.2284 500
166.4870 499
170.6903 498
174.9662 497
179.3117 496
183.5688 495
187.7960 494
192.0122 493
196.2491 492
200.5175 491
204.7612 490
209.0562 489
213.4094 488
217.7474 487
222.0444 486
226.3942 485
230.8382 484
235.2873 483
239.8939 482
244.2884 481
248.6753 480
253.2071 479
257.5760 478
261.9503 477
266.4007 476
270.8261 475
275.2858 474
279.7428 473
284.2580 472
288.7459 471
293.2185 470
298.1590 469
302.7877 468
307.2824 467
311.8571 466
316.4612 465
321.1561 464
326.0097 463
331.2279 462
337.1961 461
342.0466 460
347.0687 459
352.0279 458
356.9474 457
361.7682 456
366.7322 455
371.6025 454
376.4244 453
381.3222 452
386.4660 451
391.8708 450
397.2856 449
402.4986 448
407.2373 447
412.1977 446
417.5608 445
422.2318 444
426.8761 443
431.6615 442
436.4862 441
441.3113 440
446.0608 439
450.7373 438
455.3886 437
460.1086 436
464.7846 435
469.4921 434
474.2178 433
479.0080 432
483.6938 431
488.4084 430
493.0969 429
497.8056 428
502.4873 427
507.2426 426
512.6937 425
517.8167 424
522.5077 423
527.1488 422
531.7635 421
536.4835 420
541.1996 419
545.9001 418
550.4949 417
555.1048 416
560.4867 415
565.2610 414
670.1867 413
