0.0000 272
1.1522 255
1.8014 254
2.4550 253
3.1025 252
3.7535 251
4.4982 250
5.1542 249
5.8037 248
6.5123 247
7.1917 246
7.8451 245
8.5049 244
9.1808 243
9.8668 242
10.5489 241
11.2358 240
11.9221 239
12.6043 238
13.2773 237
13.9690 236
14.6608 235
15.3616 234
16.0542 233
16.7446 232
17.4422 231
18.1354 230
18.8429 229
19.5493 228
20.2748 227
20.9940 226
21.7004 225
22.4136 224
23.1290 223
23.8436 222
24.5612 221
25.2772 220
25.9954 219
26.7242 218
27.4384 217
28.1512 216
28.8675 215
29.6085 214
30.3285 213
31.0519 212
31.7755 211
32.5031 210
33.2289 209
33.9640 208
34.7078 207
35.4476 206
36.1823 205
36.9198 204
37.6499 203
38.3847 202
39.1114 201
39.8795 200
40.6598 199
41.3909 198
42.1371 197
42.8728 196
43.5983 195
44.3259 194
