0.0000 317
4.5787 312
7.3762 311
10.1458 310
13.0268 309
15.7860 308
18.5534 307
21.3332 306
24.1522 305
26.9542 304
29.7857 303
32.5545 302
35.3262 301
38.1263 300
40.9755 299
43.8564 298
46.7072 297
49.6888 296
52.5503 295
55.3852 294
58.2247 293
61.1784 292
64.1018 291
67.1270 290
70.0561 289
72.9873 288
75.9481 287
78.9706 286
81.9545 285
84.9733 284
88.1117 283
91.3521 282
94.5534 281
97.7349 280
100.9293 279
104.1251 278
107.3026 277
110.4773 276
113.5986 275
116.6705 274
119.8027 273
123.0588 272
126.3173 271
129.4277 270
132.5460 269
135.6732 268
138.8099 267
141.9472 266
145.1592 265
148.3206 264
151.4640 263
154.6094 262
157.7682 261
160.9240 260
164.0999 259
167.4207 258
170.6026 257
173.7755 256
176.9375 255
180.5299 254
184.0614 253
187.3033 252
190.6055 251
193.6932 250
196.7548 249
199.8749 248
202.9079 247
205.9059 246
208.9477 245
211.9477 244
214.9929 243
218.0746 242
221.1063 241
224.1448 240
227.1793 239
230.1800 238
233.1852 237
236.8092 236
