0.0000 538
3.7930 528
6.5631 527
9.3405 526
12.1790 525
14.9955 524
17.7887 523
20.6716 522
23.6780 521
26.8837 520
29.9211 519
32.9771 518
36.1245 517
39.2668 516
42.4737 515
45.7326 514
49.0372 513
52.3192 512
55.6500 511
59.0177 510
62.4584 509
65.9314 508
69.3502 507
72.8087 506
76.3332 505
79.8332 504
83.4094 503
88.0272 502
91.8013 501
95.5040 500
99.1587 499
102.8073 498
106.4670 497
110.1590 496
114.0167 495
117.7792 494
121.5099 493
125.2938 492
129.0530 491
132.8747 490
136.7457 489
140.6377 488
144.6608 487
148.4627 486
152.2755 485
156.0925 484
159.8887 483
163.7518 482
167.5768 481
171.5688 480
175.4422 479
179.4044 478
183.3042 477
187.3599 476
192.5101 475
197.4283 474
201.7079 473
205.9441 472
209.9333 471
214.0427 470
218.0274 469
221.9728 468
225.9640 467
229.9246 466
233.8956 465
237.8831 464
242.0166 463
246.9231 462
252.0010 461
256.3286 460
260.5406 459
264.7790 458
268.9278 457
273.0887 456
277.2873 455
281.4569 454
285.5423 453
289.6683 452
293.8014 451
297.9682 450
302.1340 449
306.3765 448
310.5074 447
314.6438 446
318.7996 445
322.9485 444
327.2358 443
331.3791 442
335.5602 441
339.8430 440
344.0019 439
348.2445 438
352.4479 437
356.6534 436
360.9485 435
365.1606 434
369.3717 433
374.6823 432
378.9642 431
383.2305 430
387.5207 429
391.7976 428
396.1289 427
400.4037 426
404.6860 425
408.9550 424
413.2165 423
417.6277 422
422.1128 421
426.4689 420
430.7842 419
435.1119 418
439.3896 417
443.7027 416
448.0441 415
452.3553 414
456.6235 413
461.1465 412
465.4435 411
469.7579 410
474.0507 409
478.3883 408
482.8948 407
487.2812 406
491.7465 405
496.1548 404
500.5973 403
504.9880 402
509.3839 401
513.7570 400
518.1001 399
522.4576 398
526.8811 397
531.3074 396
535.7176 395
540.4274 394
545.5922 393
550.0576 392
554.4703 391
558.9801 390
