0.0000 270
1.1301 267
1.7334 266
2.3204 265
2.9021 264
3.5149 263
4.1612 262
5.3392 261
6.3772 260
7.3973 259
8.0302 258
8.6823 257
9.2856 256
9.8982 255
10.5311 254
11.2709 253
11.8944 252
12.5090 251
13.1590 250
13.7692 249
14.3861 248
15.0062 247
15.6396 246
16.2707 245
16.9074 244
17.5339 243
18.1728 242
18.8031 241
19.4386 240
20.0783 239
20.7153 238
21.3596 237
22.0071 236
22.6526 235
23.3827 234
24.0564 233
24.7218 232
25.3759 231
26.0305 230
26.6844 229
27.3318 228
27.9841 227
28.6423 226
29.2933 225
30.0232 224
30.6970 223
31.3767 222
32.0701 221
32.7855 220
33.4606 219
34.1406 218
34.8479 217
35.5518 216
36.2478 215
36.9384 214
37.6268 213
38.3070 212
38.9915 211
39.6755 210
40.4359 209
41.1178 208
41.8017 207
42.4859 206
43.1681 205
43.8530 204
44.5374 203
45.2243 202
45.9070 201
46.5918 200
47.2730 199
47.9558 198
48.6361 197
49.3133 196
49.9967 195
50.6816 194
257.2138 193
