0.0000 208
4.0436 204
5.8108 203
7.5820 202
9.3353 201
11.1525 200
12.9880 199
14.7783 198
16.6222 197
18.4125 196
20.1638 195
22.0259 194
23.7662 193
25.5785 192
27.4322 191
29.2351 190
31.0768 189
32.8982 188
34.6907 187
36.4836 186
38.3068 185
40.2965 184
42.1536 183
44.0717 182
45.9802 181
47.8793 180
49.8051 179
51.7452 178
53.6920 177
55.6399 176
57.5856 175
59.5277 174
61.4907 173
63.4595 172
65.5166 171
67.5645 170
69.5261 169
71.5191 168
73.6261 167
75.6839 166
77.7587 165
79.7995 164
81.8583 163
83.9803 162
86.0319 161
88.1590 160
90.2111 159
92.4013 158
94.5316 157
96.5701 156
98.6014 155
100.6542 154
102.7915 153
104.8278 152
106.8552 151
108.9157 150
110.9741 149
113.0025 148
115.0392 147
117.0479 146
119.0478 145
