0.0000 269
4.7980 268
5.5976 267
6.3666 266
7.1816 265
7.9454 264
8.7177 263
9.4926 262
10.2691 261
11.0471 260
11.8119 259
12.6332 258
13.4205 257
14.2130 256
14.9843 255
15.7674 254
16.6177 253
17.5618 252
18.4273 251
19.3073 250
20.1209 249
20.9641 248
21.8224 247
22.6950 246
23.5828 245
24.4577 244
25.3553 243
26.4553 242
27.4142 241
28.3073 240
29.2567 239
30.2197 238
31.3340 237
32.2082 236
33.1361 235
34.0734 234
35.0100 233
35.9344 232
36.8744 231
37.8065 230
38.7757 229
39.7055 228
40.6295 227
41.5405 226
42.4573 225
43.3826 224
44.3409 223
45.2498 222
46.1417 221
47.0588 220
48.0185 219
48.9348 218
49.8866 217
50.8119 216
51.7846 215
52.7614 214
53.7142 213
54.6675 212
55.6217 211
56.5985 210
57.6211 209
58.6396 208
59.7417 207
60.7160 206
61.7273 205
62.7034 204
63.6917 203
64.6748 202
65.6300 201
66.5942 200
67.5554 199
68.5561 198
69.5188 197
384.1050 196
446.7759 195
