0.0000 318
4.6093 313
7.5506 312
10.3698 311
13.2882 310
16.0816 309
19.0954 308
21.8934 307
24.8793 306
27.7138 305
30.6890 304
33.7236 303
36.7618 302
39.8562 301
42.9262 300
46.1547 299
49.3093 298
52.6083 297
55.9296 296
59.0506 295
62.3763 294
65.6175 293
68.7608 292
72.0546 291
75.1940 290
78.5681 289
81.7781 288
85.1602 287
88.3635 286
91.5795 285
95.1640 284
98.4989 283
101.9309 282
105.5256 281
109.0330 280
112.5712 279
116.1313 278
119.7129 277
123.4591 276
127.2590 275
131.2699 274
135.1838 273
139.1132 272
142.4521 271
145.8559 270
149.1289 269
152.3631 268
155.4892 267
158.6293 266
161.7458 265
164.8478 264
167.9701 263
171.1273 262
174.2999 261
177.4371 260
180.5660 259
183.6395 258
186.8227 257
190.0968 256
193.2420 255
196.4554 254
199.5963 253
202.7144 252
205.9037 251
208.9933 250
212.1044 249
215.2334 248
218.4184 247
221.6442 246
224.9024 245
228.0969 244
231.2626 243
234.4131 242
237.6287 241
240.9150 240
244.0696 239
247.2766 238
250.4742 237
253.4583 236
256.3802 235
259.2814 234
262.2026 233
