0.0000 278
1.4181 263
2.2143 262
3.0615 261
3.8977 260
4.7121 259
5.5163 258
6.3001 257
7.1146 256
7.8878 255
8.6822 254
9.4473 253
10.2543 252
11.1042 251
11.8995 250
12.6995 249
13.5067 248
14.2995 247
15.0740 246
15.8977 245
16.7033 244
17.5283 243
18.3904 242
19.2102 241
20.0141 240
20.8296 239
21.6543 238
22.4918 237
23.3108 236
24.1446 235
24.9926 234
25.7993 233
26.6539 232
27.4798 231
28.2974 230
29.1498 229
29.9958 228
30.8352 227
31.6910 226
32.5258 225
33.3979 224
34.2344 223
35.0820 222
36.2370 221
37.3796 220
38.5808 219
39.7347 218
40.7753 217
41.6614 216
42.5358 215
43.3933 214
44.2738 213
45.2296 212
46.0874 211
46.9975 210
47.8854 209
48.7716 208
49.6596 207
50.5314 206
51.4052 205
52.2633 204
53.1159 203
53.9723 202
54.8252 201
55.7135 200
56.6354 199
57.5113 198
58.3491 197
59.2127 196
300.2800 195
301.4656 194
303.2794 193
304.4376 192
305.3746 191
