0.0000 197
18.2251 196
20.2526 195
22.2727 194
24.3689 193
26.4973 192
28.5952 191
30.7010 190
32.8553 189
34.9892 188
37.1841 187
39.3572 186
41.5490 185
43.7814 184
45.9929 183
48.2170 182
50.4363 181
52.6456 180
54.9191 179
57.2126 178
59.4670 177
61.7499 176
64.0320 175
66.3615 174
68.7146 173
71.0466 172
73.4446 171
75.8891 170
78.3758 169
80.7143 168
83.1717 167
85.5694 166
87.9842 165
90.3944 164
92.8041 163
95.2046 162
97.5957 161
99.9946 160
102.3607 159
104.7280 158
107.1435 157
224.1593 156
455.8037 155
458.2367 154
