0.0000 263
2.0881 262
2.8637 261
3.6409 260
4.4316 259
5.2208 258
6.0104 257
6.8006 256
7.5869 255
8.3702 254
9.1405 253
9.9215 252
10.7180 251
11.5256 250
12.3411 249
13.1413 248
13.9286 247
14.7224 246
15.5329 245
16.3363 244
17.1841 243
17.9994 242
18.8153 241
19.6325 240
20.4633 239
21.2989 238
22.1221 237
22.9451 236
23.7752 235
24.6155 234
25.4444 233
26.2826 232
27.1505 231
28.0160 230
28.8368 229
29.6777 228
30.5055 227
31.3556 226
32.2272 225
33.0712 224
33.9305 223
34.7848 222
35.6449 221
36.5343 220
37.3919 219
38.2924 218
39.1741 217
40.0503 216
40.9451 215
41.8486 214
42.7260 213
43.5844 212
44.4777 211
45.3563 210
46.2268 209
47.0894 208
47.9916 207
48.8633 206
49.6989 205
50.6734 204
51.5158 203
52.3766 202
53.2458 201
112.5592 200
113.5442 199
114.3723 198
115.2071 197
116.0334 196
175.2606 195
176.0914 194
302.1315 193
302.9783 192
303.8489 191
