0.0000 324
3.9027 311
6.2803 310
8.6822 309
11.0869 308
13.6909 307
16.0858 306
18.6437 305
21.0562 304
23.6765 303
26.1145 302
28.6019 301
31.0463 300
33.4839 299
35.9352 298
38.4536 297
40.9259 296
43.4726 295
45.9859 294
48.4563 293
51.0034 292
53.5426 291
56.0629 290
58.5947 289
61.1702 288
63.7569 287
66.2911 286
68.7973 285
71.4278 284
73.9815 283
76.6100 282
79.2577 281
81.8290 280
84.5296 279
87.1951 278
89.8881 277
92.6460 276
95.3646 275
98.1089 274
100.8610 273
103.6112 272
106.3519 271
109.1502 270
112.0433 269
114.9733 268
117.7746 267
120.6011 266
123.6529 265
126.5061 264
129.4093 263
132.2840 262
135.1311 261
138.0032 260
140.9060 259
143.8177 258
146.6831 257
149.5348 256
152.4442 255
155.3171 254
158.2505 253
161.1593 252
164.0578 251
166.9640 250
169.9001 249
172.7917 248
175.6908 247
178.6065 246
181.5029 245
184.4332 244
187.3372 243
190.2824 242
193.2881 241
196.2059 240
199.1654 239
202.0903 238
205.0558 237
207.9876 236
210.9328 235
213.8584 234
429.2618 233
432.2433 232
435.2384 231
438.1794 230
441.1380 229
444.1057 228
