0.0000 536
26.5446 535
31.6352 534
36.6013 533
41.5829 532
46.5104 531
51.5764 530
56.5142 529
61.3026 528
66.2482 527
71.0905 526
75.8658 525
80.5917 524
85.4002 523
90.2223 522
94.9573 521
99.7984 520
104.5670 519
109.5425 518
114.3230 517
119.0955 516
123.9641 515
128.8313 514
133.6056 513
138.4710 512
143.2340 511
148.0328 510
153.1977 509
158.3325 508
163.4308 507
168.5369 506
173.4836 505
178.3833 504
183.4056 503
188.3591 502
193.2932 501
198.2170 500
203.1486 499
208.1055 498
213.0605 497
218.0157 496
222.9237 495
228.0654 494
233.0339 493
238.0227 492
243.7487 491
248.8629 490
253.8966 489
258.6602 488
263.5422 487
268.3272 486
273.1141 485
277.9931 484
282.7949 483
287.6378 482
292.4534 481
298.1999 480
303.2100 479
308.2092 478
313.1659 477
318.1755 476
323.1119 475
327.9674 474
332.8244 473
337.6987 472
342.6484 471
347.5445 470
352.4144 469
357.3191 468
362.1616 467
368.0505 466
373.1328 465
378.1572 464
383.0167 463
387.9252 462
392.8379 461
398.0836 460
403.1513 459
408.3034 458
413.4604 457
418.4977 456
423.5739 455
428.5311 454
433.5708 453
438.4852 452
443.6110 451
448.6008 450
453.6324 449
458.6696 448
463.6903 447
468.8497 446
473.9904 445
479.0973 444
484.7198 443
490.3894 442
495.4851 441
500.7530 440
505.9076 439
510.9862 438
516.1396 437
521.2482 436
527.5373 435
532.7529 434
537.9132 433
543.1849 432
548.5557 431
553.9534 430
559.2053 429
564.7824 428
570.1244 427
575.4241 426
580.7992 425
586.1012 424
591.4386 423
597.4796 422
603.4577 421
