0.0000 275
1.0892 270
1.6819 269
2.2761 268
2.8731 267
3.4692 266
4.0720 265
4.6736 264
5.2870 263
5.8941 262
6.4978 261
7.1127 260
7.7200 259
8.3321 258
8.9442 257
9.5639 256
10.1867 255
10.8113 254
11.4448 253
12.0733 252
12.7090 251
13.3594 250
14.0016 249
14.6558 248
15.3028 247
15.9625 246
16.6141 245
17.2691 244
17.9241 243
18.5819 242
19.3108 241
19.9753 240
20.6417 239
21.3433 238
22.0094 237
22.6975 236
23.3965 235
24.1380 234
24.8198 233
25.5038 232
26.1965 231
26.8846 230
27.5742 229
28.2600 228
28.9493 227
29.6538 226
30.4260 225
31.1258 224
31.8297 223
32.5227 222
33.2155 221
33.9169 220
34.6203 219
35.3338 218
36.0350 217
36.7403 216
37.4484 215
38.1433 214
38.8411 213
39.5407 212
40.2378 211
40.9279 210
41.6205 209
42.3178 208
43.0054 207
43.6965 206
44.3863 205
45.0976 204
45.7903 203
46.4862 202
47.1760 201
47.8711 200
48.5571 199
49.2425 198
49.9391 197
50.6258 196
51.3180 195
52.0040 194
344.2566 193
344.9469 192
345.6284 191
