0.0000 514
41.3772 513
45.3984 512
49.3671 511
53.3309 510
57.3826 509
62.3760 508
66.3901 507
70.3886 506
74.3810 505
78.4227 504
82.5779 503
86.6636 502
90.7628 501
94.8061 500
98.8551 499
102.9917 498
107.0634 497
111.1570 496
115.4343 495
119.5310 494
123.5900 493
127.6721 492
131.7961 491
135.8890 490
140.0002 489
144.2451 488
148.4334 487
152.5863 486
156.8139 485
161.1857 484
165.3832 483
169.5731 482
173.7474 481
177.9498 480
182.1191 479
186.2884 478
190.4770 477
194.6819 476
198.8907 475
203.2343 474
207.4435 473
211.6763 472
215.8835 471
220.1707 470
224.5146 469
228.8060 468
233.0671 467
237.3802 466
241.4913 465
245.3741 464
249.2737 463
253.1892 462
257.0860 461
260.9789 460
264.9257 459
268.8561 458
272.7344 457
276.6339 456
280.5432 455
284.4632 454
288.3582 453
292.2350 452
296.1369 451
300.0480 450
303.9884 449
308.0031 448
311.9418 447
316.2714 446
320.7741 445
324.8039 444
328.8082 443
332.7889 442
336.7650 441
340.7632 440
344.8133 439
348.8287 438
352.8223 437
356.8108 436
360.8775 435
364.8836 434
368.9007 433
372.9376 432
376.9245 431
380.9455 430
385.8905 429
389.9515 428
393.9983 427
398.0975 426
402.1264 425
406.1617 424
410.2031 423
414.2574 422
418.3513 421
422.3824 420
426.3919 419
430.4174 418
434.4308 417
438.5189 416
442.6008 415
446.6717 414
450.6881 413
454.6924 412
458.7807 411
462.7813 410
466.7755 409
470.8290 408
474.8368 407
478.8749 406
482.8743 405
486.8750 404
490.8784 403
494.8989 402
498.9033 401
503.0374 400
507.0879 399
511.0793 398
