0.0000 198
26.6282 197
28.8740 196
31.0915 195
33.3602 194
35.6258 193
37.9322 192
40.9105 191
43.4134 190
45.7770 189
48.1140 188
50.4815 187
52.8106 186
55.1184 185
57.4473 184
59.8228 183
62.2063 182
64.7472 181
67.2175 180
69.7502 179
72.2051 178
74.6635 177
77.1835 176
79.6459 175
82.1870 174
84.6622 173
87.1108 172
89.5407 171
91.9702 170
94.4849 169
96.9493 168
99.4482 167
101.9730 166
104.4892 165
106.9642 164
109.4644 163
111.9557 162
114.4722 161
117.0046 160
119.5334 159
122.0136 158
124.5787 157
127.0433 156
129.5723 155
132.0530 154
134.5399 153
404.9894 152
