0.0000 522
10.3471 521
14.9040 520
19.3385 519
23.8221 518
28.3290 517
33.0555 516
38.1614 515
42.7135 514
47.2291 513
51.7768 512
56.3296 511
61.0636 510
65.7605 509
70.4219 508
75.1151 507
79.7511 506
84.3766 505
89.0407 504
93.7109 503
98.3981 502
103.1279 501
107.8476 500
112.6362 499
117.3911 498
122.3117 497
127.0563 496
131.8322 495
136.7607 494
141.7636 493
146.6615 492
151.4466 491
156.4167 490
161.3769 489
166.2207 488
171.0937 487
176.9591 486
181.8619 485
186.9768 484
191.9974 483
197.0709 482
202.0146 481
207.0604 480
212.5871 479
217.5427 478
222.3790 477
227.7660 476
233.2135 475
238.3590 474
243.2702 473
248.1805 472
253.1819 471
260.0098 470
265.3212 469
271.1516 468
276.3023 467
281.2626 466
286.4229 465
291.3593 464
296.2818 463
301.2525 462
306.2210 461
311.0828 460
315.9732 459
320.8561 458
325.7555 457
330.8577 456
335.8128 455
341.7196 454
346.8768 453
351.9598 452
356.8839 451
361.8810 450
366.8402 449
371.8371 448
376.8381 447
381.8095 446
386.9513 445
391.9219 444
396.9517 443
402.0704 442
407.0781 441
412.1828 440
417.1380 439
422.2419 438
427.3419 437
432.3868 436
437.3234 435
442.3583 434
447.4396 433
452.4389 432
457.5029 431
462.5409 430
467.5943 429
472.5600 428
477.5057 427
482.5871 426
487.5430 425
492.5451 424
497.5212 423
502.4527 422
507.4349 421
512.4417 420
517.8816 419
523.3629 418
528.4246 417
533.4456 416
538.4625 415
543.4642 414
548.6028 413
553.7096 412
558.9242 411
564.0585 410
569.1457 409
574.2382 408
579.4546 407
584.5456 406
590.5530 405
596.1496 404
601.5254 403
