0.0000 208
4.5452 198
5.8965 197
7.2033 196
8.4910 195
9.7765 194
11.0915 193
12.4347 192
13.8634 191
15.2256 190
16.5893 189
18.0127 188
19.3896 187
20.7748 186
22.1723 185
23.6034 184
25.1342 183
26.6243 182
28.2205 181
29.8321 180
31.4124 179
32.9813 178
34.5615 177
36.1531 176
37.7441 175
39.4154 174
41.0651 173
42.7231 172
44.3986 171
46.0857 170
47.8034 169
49.5329 168
51.3136 167
53.0590 166
54.8314 165
56.6235 164
58.4141 163
60.2189 162
62.0198 161
63.8918 160
65.7180 159
67.6047 158
69.4830 157
71.3317 156
73.1934 155
75.0663 154
76.9445 153
78.8475 152
80.7388 151
