0.0000 315
37.5396 314
40.0047 313
42.5054 312
45.0163 311
47.5257 310
50.0833 309
52.7140 308
55.3284 307
57.9229 306
60.5598 305
63.2739 304
66.0080 303
68.6727 302
71.3783 301
74.0748 300
76.7047 299
79.4705 298
82.2390 297
85.0482 296
87.9047 295
90.6610 294
93.4235 293
96.2270 292
99.1347 291
101.9320 290
104.8487 289
107.6377 288
110.4606 287
113.2809 286
116.7446 285
119.9568 284
122.8201 283
125.7671 282
128.6964 281
131.6830 280
134.7581 279
137.7682 278
140.7665 277
143.6820 276
146.6285 275
149.7140 274
152.9278 273
156.3273 272
159.3732 271
162.3021 270
165.2334 269
168.3012 268
171.8288 267
175.1048 266
178.3696 265
181.5024 264
184.5667 263
187.5926 262
190.7087 261
193.7805 260
197.0505 259
201.6934 258
205.1753 257
208.8032 256
212.4508 255
215.7921 254
219.0455 253
222.2584 252
225.3057 251
228.5539 250
231.6679 249
234.7908 248
237.9220 247
241.0114 246
244.0964 245
247.2134 244
250.2844 243
253.3354 242
256.4349 241
259.5096 240
262.5514 239
265.5879 238
268.6681 237
271.8110 236
