0.0000 542
5.9111 529
11.1872 528
16.0354 527
21.0406 526
26.0846 525
31.3775 524
36.6871 523
42.1270 522
47.3529 521
52.5295 520
57.9472 519
63.3843 518
68.8776 517
74.4476 516
79.8923 515
85.5462 514
91.1436 513
97.0368 512
102.8252 511
108.4978 510
114.3645 509
120.1778 508
125.7603 507
131.6613 506
137.4486 505
143.3309 504
149.1525 503
154.9473 502
160.8368 501
166.8907 500
172.6764 499
178.5835 498
184.6193 497
191.1402 496
197.6929 495
204.1119 494
209.6241 493
215.0469 492
220.3079 491
225.4780 490
230.5475 489
235.7602 488
240.8591 487
245.9684 486
251.1699 485
256.3630 484
261.4217 483
266.5378 482
271.7880 481
276.8330 480
281.9906 479
287.2888 478
292.4732 477
297.6687 476
302.7736 475
308.0143 474
313.4693 473
318.4822 472
323.3672 471
328.1684 470
333.0701 469
337.8837 468
342.7459 467
347.6011 466
352.4556 465
357.3846 464
362.3256 463
367.2506 462
373.5420 461
379.9131 460
384.9017 459
389.9507 458
394.9099 457
399.8549 456
404.8729 455
409.8142 454
414.7933 453
419.8991 452
424.8296 451
429.7704 450
434.6855 449
439.5927 448
444.6412 447
449.6657 446
454.5868 445
459.5550 444
464.4927 443
469.4803 442
474.4857 441
479.4769 440
484.4539 439
489.4755 438
494.4911 437
499.4570 436
504.4666 435
509.4437 434
514.3582 433
519.2724 432
524.2769 431
529.2618 430
534.2265 429
539.2149 428
544.3434 427
549.3501 426
554.3412 425
559.3549 424
564.3248 423
569.3919 422
574.4157 421
579.4375 420
584.5002 419
589.5336 418
594.5765 417
599.6424 416
604.7280 415
