0.0000 322
4.2351 321
6.6363 320
9.0301 319
11.4079 318
13.9291 317
16.3487 316
18.7658 315
21.1686 314
23.6523 313
26.2027 312
28.6599 311
31.0939 310
33.6020 309
36.0734 308
38.5703 307
41.0517 306
43.5818 305
46.1177 304
48.5902 303
51.0590 302
53.5550 301
56.0622 300
58.6179 299
61.1241 298
63.6582 297
66.2042 296
68.7833 295
71.3667 294
73.9670 293
76.5647 292
79.2051 291
81.8489 290
84.5482 289
87.2812 288
89.9848 287
92.8001 286
95.5261 285
98.3257 284
101.0638 283
103.8953 282
106.6389 281
109.4839 280
112.2430 279
115.0531 278
117.8407 277
120.6719 276
123.4694 275
126.2881 274
129.2358 273
132.1880 272
135.1655 271
138.2411 270
141.2685 269
144.3307 268
147.3798 267
150.4031 266
153.5034 265
156.6245 264
159.7710 263
162.8655 262
165.9581 261
169.0881 260
172.2391 259
175.4055 258
178.4108 257
181.4140 256
184.4813 255
187.5044 254
190.6200 253
193.7551 252
196.7733 251
199.8149 250
202.8963 249
205.9235 248
209.0180 247
212.1253 246
215.2173 245
218.3187 244
221.4096 243
224.4843 242
227.5376 241
230.5945 240
234.4871 239
239.0766 238
242.7292 237
246.0901 236
249.4112 235
252.7290 234
256.0171 233
504.1213 232
507.7200 231
511.0687 230
514.3890 229
