0.0000 529
5.4972 528
9.8576 527
14.1829 526
18.5485 525
23.0032 524
27.4037 523
31.8115 522
36.2843 521
40.6361 520
45.0016 519
49.4039 518
53.8312 517
58.2994 516
62.7371 515
67.2514 514
71.7864 513
76.5010 512
81.0778 511
85.6388 510
90.1627 509
94.6763 508
99.2161 507
103.7975 506
108.4434 505
113.0633 504
117.7375 503
122.3747 502
127.0044 501
131.5588 500
136.3191 499
141.0843 498
145.7543 497
150.3789 496
155.1047 495
159.8065 494
164.4552 493
169.1745 492
173.9855 491
178.8703 490
183.7851 489
188.5348 488
193.3385 487
198.0425 486
202.8309 485
207.5735 484
212.3607 483
217.1569 482
221.9771 481
226.7611 480
231.5538 479
236.3990 478
241.1795 477
246.0996 476
250.9900 475
255.9832 474
260.8022 473
265.7236 472
270.5716 471
275.4337 470
280.3346 469
285.3624 468
290.3224 467
295.2662 466
300.2045 465
305.1465 464
310.1538 463
315.0907 462
320.1167 461
325.1594 460
330.1674 459
335.2058 458
340.2454 457
345.2452 456
350.3238 455
355.3935 454
360.3853 453
365.4288 452
370.5053 451
375.5416 450
380.6667 449
385.9346 448
391.0158 447
396.2116 446
401.2913 445
406.3743 444
411.4809 443
416.6984 442
421.8480 441
427.1203 440
432.2975 439
437.4382 438
442.6725 437
447.8541 436
453.0569 435
458.2776 434
463.4779 433
468.6681 432
473.8782 431
479.1063 430
484.3452 429
489.5606 428
494.8520 427
500.0582 426
505.2631 425
510.4723 424
515.7925 423
521.0489 422
526.3294 421
531.6135 420
536.9762 419
542.2434 418
547.4857 417
552.8971 416
558.2584 415
563.6099 414
568.8813 413
574.1623 412
579.4055 411
584.6277 410
589.9348 409
595.2307 408
600.4885 407
