0.0000 201
10.6158 200
12.7246 199
14.9473 198
17.0704 197
19.1926 196
21.3626 195
23.5454 194
25.7273 193
27.8963 192
30.0881 191
32.3038 190
34.5922 189
36.9091 188
39.2077 187
41.4744 186
43.6825 185
45.8950 184
48.1082 183
50.3357 182
52.5754 181
54.9192 180
57.2927 179
59.6425 178
62.0304 177
64.3983 176
66.7937 175
69.1450 174
71.5407 173
73.8906 172
76.3226 171
78.6608 170
81.0258 169
83.3709 168
85.7455 167
88.1992 166
90.6250 165
92.9973 164
95.4266 163
97.7912 162
100.1499 161
102.5378 160
104.9471 159
107.4473 158
109.8404 157
112.2898 156
114.6767 155
117.0566 154
119.4403 153
121.8697 152
124.2420 151
126.6303 150
129.0067 149
