0.0000 270
1.2603 268
2.0181 267
2.7304 266
3.5650 265
4.3329 264
5.1108 263
5.9572 262
6.7582 261
7.6851 260
8.4662 259
9.5778 258
10.3855 257
11.1850 256
12.0476 255
12.8378 254
13.7556 253
14.5540 252
15.3617 251
16.2176 250
17.0986 249
17.9650 248
18.8205 247
19.6377 246
20.4865 245
21.4086 244
22.3637 243
23.2698 242
24.1691 241
25.1050 240
25.9492 239
26.9234 238
27.7826 237
28.6989 236
29.6089 235
30.4650 234
31.3679 233
32.3138 232
33.2283 231
34.1551 230
35.0864 229
36.0272 228
37.0689 227
38.1949 226
39.2330 225
40.2000 224
41.2577 223
42.2428 222
43.2068 221
44.2062 220
45.1453 219
46.1224 218
47.1623 217
48.1930 216
49.2805 215
50.2280 214
51.2346 213
52.2884 212
53.3017 211
54.4538 210
55.5011 209
56.5476 208
57.5496 207
58.6088 206
59.6354 205
60.5561 204
61.5261 203
62.5954 202
63.5613 201
64.5932 200
127.8774 199
128.9049 198
129.9595 197
130.9593 196
131.9542 195
133.0104 194
134.1113 193
