0.0000 209
5.1394 204
7.5251 203
10.0045 202
12.3981 201
14.7879 200
17.2219 199
19.8462 198
22.4434 197
24.9250 196
27.3179 195
29.7811 194
32.2673 193
34.7427 192
37.2040 191
39.6615 190
42.1377 189
44.6295 188
47.0996 187
49.5999 186
52.2196 185
54.7523 184
57.2653 183
59.8129 182
62.2450 181
64.6635 180
67.2245 179
69.6738 178
72.1405 177
74.7251 176
77.1942 175
79.6838 174
82.2208 173
84.7011 172
87.2597 171
89.7598 170
92.2619 169
94.8589 168
97.3854 167
99.9006 166
102.4422 165
105.0065 164
107.5341 163
110.0711 162
112.7582 161
115.2864 160
117.8021 159
120.2998 158
122.8007 157
125.3869 156
127.8888 155
130.5172 154
132.9683 153
135.4283 152
137.9368 151
406.2859 150
