0.0000 320
3.8805 303
6.1435 302
8.3697 301
10.6221 300
12.8504 299
15.8338 298
18.5688 297
20.8617 296
23.1479 295
25.4011 294
27.6931 293
29.9302 292
32.1910 291
34.4475 290
36.7436 289
38.9940 288
41.2504 287
43.5778 286
45.9240 285
48.2410 284
50.5469 283
52.8666 282
55.2048 281
57.5729 280
59.9456 279
62.3365 278
64.7315 277
67.1606 276
69.5793 275
72.0523 274
74.4515 273
76.8406 272
79.2411 271
81.6521 270
85.0326 269
87.7316 268
90.1696 267
92.6001 266
95.0304 265
97.4897 264
99.9420 263
102.4335 262
104.9427 261
107.4434 260
109.9534 259
112.4862 258
114.9667 257
118.2316 256
121.1323 255
123.7333 254
126.2110 253
128.6903 252
131.1684 251
133.7739 250
136.3487 249
138.8647 248
141.3753 247
143.9541 246
146.5650 245
149.1730 244
151.7183 243
154.3003 242
156.8262 241
159.3642 240
161.8934 239
164.4425 238
166.9844 237
169.5496 236
172.0933 235
174.6412 234
177.1738 233
179.7156 232
182.2581 231
